# Design Explorer: Shortcut to "C:\fpga\pwm\pwmsamradi\aldec\pwmsam\pwmsam.aws" design added.
# Adding file C:\fpga\pwm\pwm\pwm_samradi.vhd ... Done
# Adding file C:\fpga\pwm\pwm\main_za_pwm_samradi.vhd ... Done
# Adding file C:\fpga\pwm\pwm\clockmodif_za_pwmsam1.vhd ... Done
acom -reorder -O3 -work pwmsam -2002  $dsn/../../../pwm/pwm_samradi.vhd $dsn/../../../pwm/main_za_pwm_samradi.vhd $dsn/../../../pwm/clockmodif_za_pwmsam1.vhd
# Compile with File Reorder...
# Warning: DAGGEN_0523: The source is compiled without the -dbg switch. Line breakpoints and assertion debug will not be available.
# File: C:\fpga\pwm\pwm\pwm_samradi.vhd
# Compile Entity "PWM"
# Compile Architecture "ponasanje" of Entity "PWM"
# File: C:\fpga\pwm\pwm\main_za_pwm_samradi.vhd
# Compile Entity "main"
# Compile Architecture "Behavioral" of Entity "main"
# File: C:\fpga\pwm\pwm\clockmodif_za_pwmsam1.vhd
# Compile Entity "clk_mod"
# Compile Architecture "ponasanje" of Entity "clk_mod"
# Incorrect order of units detected.
# Automatic reorder and incremental recompilation of required units in progress.
# Top-level unit(s) detected:
# Entity => main
# File: C:\fpga\pwm\pwm\pwm_samradi.vhd
# Error: COMP96_0016: ../../../../pwm/pwm_samradi.vhd : (37, 1): Design unit declaration expected.
# File: C:\fpga\pwm\pwm\main_za_pwm_samradi.vhd
# Compile Architecture "Behavioral" of Entity "main"
# Error: ELAB1_0008: ../../../../pwm/main_za_pwm_samradi.vhd : (44, 12): Cannot read output : "LED0".
# Compile failure 2 Errors 0 Warnings  Analysis time :  0.6 [s]
acom -O3 -work pwmsam -2002  $dsn/../../../pwm/pwm_samradi.vhd $dsn/../../../pwm/main_za_pwm_samradi.vhd $dsn/../../../pwm/clockmodif_za_pwmsam1.vhd
# Compile...
# Warning: DAGGEN_0523: The source is compiled without the -dbg switch. Line breakpoints and assertion debug will not be available.
# File: C:\fpga\pwm\pwm\pwm_samradi.vhd
# Compile Entity "PWM"
# Compile Architecture "ponasanje" of Entity "PWM"
# File: C:\fpga\pwm\pwm\main_za_pwm_samradi.vhd
# Compile Entity "main"
# Compile Architecture "Behavioral" of Entity "main"
# Error: ELAB1_0008: ../../../../pwm/main_za_pwm_samradi.vhd : (44, 12): Cannot read output : "LED0".
# File: C:\fpga\pwm\pwm\clockmodif_za_pwmsam1.vhd
# Compile Entity "clk_mod"
# Compile Architecture "ponasanje" of Entity "clk_mod"
# Compile failure 1 Errors 0 Warnings  Analysis time :  0.1 [s]
acom -O3 -work pwmsam -2002  $dsn/../../../pwm/pwm_samradi.vhd $dsn/../../../pwm/main_za_pwm_samradi.vhd $dsn/../../../pwm/clockmodif_za_pwmsam1.vhd
# Compile...
# Warning: DAGGEN_0523: The source is compiled without the -dbg switch. Line breakpoints and assertion debug will not be available.
# File: C:\fpga\pwm\pwm\pwm_samradi.vhd
# Compile Entity "PWM"
# Compile Architecture "ponasanje" of Entity "PWM"
# File: C:\fpga\pwm\pwm\main_za_pwm_samradi.vhd
# Compile Entity "main"
# Compile Architecture "Behavioral" of Entity "main"
# File: C:\fpga\pwm\pwm\clockmodif_za_pwmsam1.vhd
# Compile Entity "clk_mod"
# Compile Architecture "ponasanje" of Entity "clk_mod"
# Compile success 0 Errors 0 Warnings  Analysis time :  0.2 [s]
