---------------------------------------
Resource Usage Report for main 

Mapping to part: ice40hx1kvq100
Cell usage:
GND             2 uses
SB_CARRY        24 uses
SB_DFF          10 uses
SB_DFFE         14 uses
VCC             2 uses
SB_LUT4         42 uses

I/O ports: 5
I/O primitives: 5
SB_GB_IO       1 use
SB_IO          4 uses

I/O Register bits:                  0
Register bits not including I/Os:   24 (1%)

Mapping Summary:
Total  LUTs: 42 (3%)

Distribution of All Consumed LUTs = LUT4 
Distribution of All Consumed Luts 42 = 42 

