* ******************************************************************************

* iCEcube Placer

* Version:            2014.08.26723

* Build Date:         Sep 19 2014 11:30:09

* File Generated:     Jul 7 2016 18:54:45

* Purpose:            

* Copyright (C) 2006-2010 by Lattice Semiconductor Corp. All rights reserved.

* ******************************************************************************

Executing : C:\fpga-2014\SBTools\sbt_backend\bin\win32\opt\sbtplacer.exe --des-lib C:/Users/Maja Ovcarik/Desktop/pwm/pwm/pwm_Implmnt\sbt\netlist\oadb-main --outdir C:/Users/Maja Ovcarik/Desktop/pwm/pwm/pwm_Implmnt\sbt\outputs\placer --device-file C:\fpga-2014\SBTools\sbt_backend\devices\ICE40P01.dev --package VQ100 --deviceMarketName iCE40HX1K --sdc-file C:/Users/Maja Ovcarik/Desktop/pwm/pwm/pwm_Implmnt\sbt\Temp/sbt_temp.sdc --lib-file C:\fpga-2014\SBTools\sbt_backend\devices\ice40HX1K.lib --effort_level std --out-sdc-file C:/Users/Maja Ovcarik/Desktop/pwm/pwm/pwm_Implmnt\sbt\outputs\placer\main_pl.sdc
I2004: Option and Settings Summary
=============================================================
Device file          - C:\fpga-2014\SBTools\sbt_backend\devices\ICE40P01.dev
Package              - VQ100
Design database      - C:/Users/Maja Ovcarik/Desktop/pwm/pwm/pwm_Implmnt\sbt\netlist\oadb-main
SDC file             - C:/Users/Maja Ovcarik/Desktop/pwm/pwm/pwm_Implmnt\sbt\Temp/sbt_temp.sdc
Output directory     - C:/Users/Maja Ovcarik/Desktop/pwm/pwm/pwm_Implmnt\sbt\outputs\placer
Timing library       - C:\fpga-2014\SBTools\sbt_backend\devices\ice40HX1K.lib
Effort level         - std

I2050: Starting reading inputs for placer
=============================================================
I2100: Reading design library: C:/Users/Maja Ovcarik/Desktop/pwm/pwm/pwm_Implmnt\sbt\netlist\oadb-main/BFPGA_DESIGN_ep
I2065: Reading device file : C:\fpga-2014\SBTools\sbt_backend\devices\ICE40P01.dev
I2051: Reading of inputs for placer completed successfully

I2053: Starting placement of the design
=============================================================

Input Design Statistics
    Number of LUTs      	:	11
    Number of DFFs      	:	9
    Number of Carrys    	:	7
    Number of RAMs      	:	0
    Number of ROMs      	:	0
    Number of IOs       	:	4
    Number of GBIOs     	:	1
    Number of GBs       	:	0
    Number of WarmBoot  	:	0
    Number of PLLs      	:	0


Phase 1
I2077: Start design legalization

Design Legalization Statistics
    Number of feedthru LUTs inserted to legalize input of DFFs     	:	0
    Number of feedthru LUTs inserted for LUTs driving multiple DFFs	:	0
    Number of LUTs replicated for LUTs driving multiple DFFs       	:	0
    Number of feedthru LUTs inserted to legalize output of CARRYs  	:	0
    Number of feedthru LUTs inserted to legalize global signals    	:	0
    Number of feedthru CARRYs inserted to legalize input of CARRYs 	:	0
    Number of inserted LUTs to Legalize IOs with PIN_TYPE= 01xxxx  	:	0
    Number of inserted LUTs to Legalize IOs with PIN_TYPE= 10xxxx  	:	0
    Number of inserted LUTs to Legalize IOs with PIN_TYPE= 11xxxx  	:	0
    Total LUTs inserted                                            	:	0
    Total CARRYs inserted                                          	:	0


I2078: Design legalization is completed successfully
I2088: Phase 1, elapsed time : 0.0 (sec)


Phase 2
I2088: Phase 2, elapsed time : 0.0 (sec)

Phase 3

Design Statistics after Packing
    Number of LUTs      	:	12
    Number of DFFs      	:	9
    Number of Carrys    	:	7

Device Utilization Summary after Packing
    Sequential LogicCells
        LUT and DFF      	:	2
        LUT, DFF and CARRY	:	7
    Combinational LogicCells
        Only LUT         	:	3
        CARRY Only       	:	0
        LUT with CARRY   	:	0
    LogicCells                  :	12/1280
    PLBs                        :	2/160
    BRAMs                       :	0/16
    IOs and GBIOs               :	5/72
    PLLs                        :	0/0


I2088: Phase 3, elapsed time : 0.4 (sec)

Phase 4
I2088: Phase 4, elapsed time : 0.2 (sec)

Phase 5
I2088: Phase 5, elapsed time : 0.0 (sec)

Phase 6
I2088: Phase 6, elapsed time : 1.3 (sec)

Final Design Statistics
    Number of LUTs      	:	12
    Number of DFFs      	:	9
    Number of Carrys    	:	7
    Number of RAMs      	:	0
    Number of ROMs      	:	0
    Number of IOs       	:	4
    Number of GBIOs     	:	1
    Number of GBs       	:	0
    Number of WarmBoot  	:	0
    Number of PLLs      	:	0

Device Utilization Summary
    LogicCells                  :	12/1280
    PLBs                        :	3/160
    BRAMs                       :	0/16
    IOs and GBIOs               :	5/72
    PLLs                        :	0/0



#####################################################################
Placement Timing Summary

The timing summary is based on estimated routing delays after
placement. For final timing report, please carry out the timing
analysis after routing.
=====================================================================

#####################################################################
                     Clock Summary 
=====================================================================
Number of clocks: 1
Clock: main|CLK_3_33MHZ | Frequency: 327.15 MHz | Target: 195.31 MHz

=====================================================================
                     End of Clock Summary
#####################################################################

I2054: Placement of design completed successfully

I2076: Placer run-time: 2.4 sec.

